<?xml version="1.0" encoding="UTF-8"?>
<testng-results skipped="0" failed="0" ignored="0" total="1" passed="1">
  <reporter-output>
  </reporter-output>
  <suite name="Default suite" duration-ms="4020" started-at="2019-10-04T08:28:09Z" finished-at="2019-10-04T08:28:13Z">
    <groups>
    </groups>
    <test name="Default test" duration-ms="4020" started-at="2019-10-04T08:28:09Z" finished-at="2019-10-04T08:28:13Z">
      <class name="testCases.Customer">
        <test-method status="PASS" signature="Setup()[pri:0, instance:testCases.Customer@4b9e13df]" name="Setup" is-config="true" duration-ms="1247" started-at="2019-10-04T13:58:09Z" finished-at="2019-10-04T13:58:10Z">
          <reporter-output>
          </reporter-output>
        </test-method> <!-- Setup -->
        <test-method status="PASS" signature="VerifyCustomerData()[pri:0, instance:testCases.Customer@4b9e13df]" name="VerifyCustomerData" duration-ms="2727" started-at="2019-10-04T13:58:10Z" finished-at="2019-10-04T13:58:13Z">
          <reporter-output>
          </reporter-output>
        </test-method> <!-- VerifyCustomerData -->
        <test-method status="PASS" signature="Teardown()[pri:0, instance:testCases.Customer@4b9e13df]" name="Teardown" is-config="true" duration-ms="11" started-at="2019-10-04T13:58:13Z" finished-at="2019-10-04T13:58:13Z">
          <reporter-output>
          </reporter-output>
        </test-method> <!-- Teardown -->
      </class> <!-- testCases.Customer -->
    </test> <!-- Default test -->
  </suite> <!-- Default suite -->
</testng-results>
