<?xml version="1.0" encoding="UTF-8"?>
<testng-results skipped="0" failed="0" ignored="0" total="1" passed="1">
  <reporter-output>
  </reporter-output>
  <suite name="Default suite" duration-ms="185390" started-at="2019-10-15T02:58:45Z" finished-at="2019-10-15T03:01:50Z">
    <groups>
    </groups>
    <test name="Default test" duration-ms="185390" started-at="2019-10-15T02:58:45Z" finished-at="2019-10-15T03:01:50Z">
      <class name="testCases.Customer">
        <test-method status="PASS" signature="Setup()[pri:0, instance:testCases.Customer@17776a8]" name="Setup" is-config="true" duration-ms="2070" started-at="2019-10-15T08:28:45Z" finished-at="2019-10-15T08:28:47Z">
          <reporter-output>
          </reporter-output>
        </test-method> <!-- Setup -->
        <test-method status="PASS" signature="VerifyCustomerData()[pri:0, instance:testCases.Customer@17776a8]" name="VerifyCustomerData" duration-ms="183284" started-at="2019-10-15T08:28:47Z" finished-at="2019-10-15T08:31:50Z">
          <reporter-output>
          </reporter-output>
        </test-method> <!-- VerifyCustomerData -->
        <test-method status="PASS" signature="Teardown()[pri:0, instance:testCases.Customer@17776a8]" name="Teardown" is-config="true" duration-ms="17" started-at="2019-10-15T08:31:50Z" finished-at="2019-10-15T08:31:50Z">
          <reporter-output>
          </reporter-output>
        </test-method> <!-- Teardown -->
      </class> <!-- testCases.Customer -->
    </test> <!-- Default test -->
  </suite> <!-- Default suite -->
</testng-results>
