<?xml version="1.0" encoding="UTF-8"?>
<!-- Generated by org.testng.reporters.JUnitXMLReporter -->
<testsuite hostname="Pratibha-Bhawan" ignored="0" name="Test" tests="4" failures="0" timestamp="05 Nov 2019 10:28:48 GMT" time="44.777" errors="0">
  <testcase name="VerifyCustomerData" time="32.767" classname="testCases.Customer"/>
  <testcase name="VerifyLocationData" time="32.767" classname="testCases.Location"/>
  <testcase name="VerifyThemeData" time="32.786" classname="testCases.Theme"/>
  <testcase name="VerifyProductData" time="32.791" classname="testCases.Product"/>
</testsuite> <!-- Test -->
